\BOOKMARK [0][-]{section*.1}{List of Figures}{}% 1
\BOOKMARK [0][-]{section*.2}{List of Acronyms}{}% 2
\BOOKMARK [0][-]{chapter.1}{Introduction}{}% 3
\BOOKMARK [1][-]{section.1.1}{Motivation}{chapter.1}% 4
\BOOKMARK [1][-]{section.1.2}{Problem}{chapter.1}% 5
\BOOKMARK [1][-]{section.1.3}{Scope}{chapter.1}% 6
\BOOKMARK [1][-]{section.1.4}{Related Work}{chapter.1}% 7
\BOOKMARK [0][-]{chapter.2}{Background}{}% 8
\BOOKMARK [1][-]{section.2.1}{Symmetric Encryption}{chapter.2}% 9
\BOOKMARK [1][-]{section.2.2}{Asymmetric Encryption}{chapter.2}% 10
\BOOKMARK [1][-]{section.2.3}{Homomorphic Encryption}{chapter.2}% 11
\BOOKMARK [1][-]{section.2.4}{Fully Homomorphic Encryption}{chapter.2}% 12
\BOOKMARK [1][-]{section.2.5}{El Gamal}{chapter.2}% 13
\BOOKMARK [1][-]{section.2.6}{Searchable Encryption}{chapter.2}% 14
\BOOKMARK [1][-]{section.2.7}{Database Security}{chapter.2}% 15
\BOOKMARK [0][-]{chapter.3}{Overview of CryptDB}{}% 16
\BOOKMARK [1][-]{section.3.1}{System Architecture}{chapter.3}% 17
\BOOKMARK [1][-]{section.3.2}{SQL-Aware Encryption and the Onion Scheme}{chapter.3}% 18
\BOOKMARK [2][-]{subsection.3.2.1}{Random}{section.3.2}% 19
\BOOKMARK [2][-]{subsection.3.2.2}{Deterministic}{section.3.2}% 20
\BOOKMARK [2][-]{subsection.3.2.3}{Order-Preserving Encoding}{section.3.2}% 21
\BOOKMARK [2][-]{subsection.3.2.4}{Homomorphic Encryption}{section.3.2}% 22
\BOOKMARK [2][-]{subsection.3.2.5}{Equality Join and Order-Preserving Join}{section.3.2}% 23
\BOOKMARK [2][-]{subsection.3.2.6}{Search}{section.3.2}% 24
\BOOKMARK [1][-]{section.3.3}{Adjusting the Encryption Level Based on the Query}{chapter.3}% 25
\BOOKMARK [1][-]{section.3.4}{Threats}{chapter.3}% 26
\BOOKMARK [1][-]{section.3.5}{Security}{chapter.3}% 27
\BOOKMARK [1][-]{section.3.6}{Limitations}{chapter.3}% 28
\BOOKMARK [0][-]{chapter.4}{Comparison}{}% 29
\BOOKMARK [0][-]{chapter.5}{Attacks}{}% 30
\BOOKMARK [1][-]{section.5.1}{Microsoft and their Frequency Analysis}{chapter.5}% 31
\BOOKMARK [0][-]{chapter.6}{Conclusion}{}% 32
\BOOKMARK [1][-]{section.6.1}{Impact of CryptDB}{chapter.6}% 33
\BOOKMARK [1][-]{section.6.2}{Useful applications}{chapter.6}% 34
\BOOKMARK [1][-]{section.6.3}{Conclusion}{chapter.6}% 35
\BOOKMARK [0][-]{section*.5}{References}{}% 36
